insertion sort time 1: 12.9288
5
75922
151885
228686
303522
381178
458336
533503
610337
686988
763049
838529
915701
991907
merge sort time 1: 0.0342292
5
75922
151885
228686
303522
381178
458336
533503
610337
686988
763049
838529
915701
991907
merge sort blendtime 1: 0.0256918
5
75922
151885
228686
303522
381178
458336
533503
610337
686988
763049
838529
915701
991907
simple timsort time 1: 13.247
5
75922
151885
228686
303522
381178
458336
533503
610337
686988
763049
838529
915701
991907
insertion sort time 1: 11.1768
3
76173
151434
227979
304673
381670
458273
535289
611609
688908
764874
840374
915358
991847
merge sort time 1: 0.0163049
3
76173
151434
227979
304673
381670
458273
535289
611609
688908
764874
840374
915358
991847
merge sort blendtime 1: 0.0113335
3
76173
151434
227979
304673
381670
458273
535289
611609
688908
764874
840374
915358
991847
simple timsort time 1: 0.00352636
3
76173
151434
227979
304673
381670
458273
535289
611609
688908
764874
840374
915358
991847
